<?xml version="1.0" encoding="UTF-8"?>
<!-- Generated by org.testng.reporters.JUnitReportReporter -->
<testsuite hostname="MohamedAli" failures="0" tests="2" name="com.classicfreecrm.test.LoginPageTest" time="20.385" errors="0" timestamp="2022-09-01T10:08:26 CEST" skipped="1">
  <testcase classname="com.classicfreecrm.test.LoginPageTest" name="LoginSuccess" time="20.385"/>
  <system-out/>
  <testcase classname="com.classicfreecrm.test.LoginPageTest" name="login">
    <skipped/>
  </testcase> <!-- login -->
  <system-out/>
</testsuite> <!-- com.classicfreecrm.test.LoginPageTest -->
