<?xml version="1.0" encoding="UTF-8"?>
<!-- Generated by org.testng.reporters.JUnitReportReporter -->
<testsuite hostname="MohamedAli" failures="0" tests="1" name="com.classicfreecrm.test.createNewcontactTest" time="27.881" errors="0" timestamp="2022-09-06T08:25:14 CEST" skipped="0">
  <testcase classname="com.classicfreecrm.test.createNewcontactTest" name="newContact" time="27.881"/>
  <system-out/>
</testsuite> <!-- com.classicfreecrm.test.createNewcontactTest -->
