<?xml version="1.0" encoding="UTF-8"?>
<!-- Generated by org.testng.reporters.JUnitReportReporter -->
<testsuite hostname="MohamedAli" failures="0" tests="1" name="com.classicfreecrm.test.NewTest" time="0.006" errors="0" timestamp="2022-08-30T10:32:47 CEST" skipped="0">
  <testcase classname="com.classicfreecrm.test.NewTest" name="f" time="0.006"/>
  <system-out/>
</testsuite> <!-- com.classicfreecrm.test.NewTest -->
